<?xml version="1.0" encoding="UTF-8"?>
<!-- Generated by org.testng.reporters.JUnitXMLReporter -->
<testsuite hostname="DESKTOP-EBKPB7F" ignored="0" name="Validating Title" tests="1" failures="0" timestamp="2020-08-25T12:16:34 CDT" time="0.042" errors="0">
  <testcase name="@BeforeTest initilization" time="0.007" classname="E2EProject.Maven.validateTitle">
    <failure type="java.lang.NullPointerException">
      <![CDATA[java.lang.NullPointerException
at resources.base.initizationDriver(base.java:35)
at E2EProject.Maven.validateTitle.initilization(validateTitle.java:29)
at java.util.concurrent.FutureTask.run(Unknown Source)
at java.util.concurrent.ThreadPoolExecutor.runWorker(Unknown Source)
at java.util.concurrent.ThreadPoolExecutor$Worker.run(Unknown Source)
at java.lang.Thread.run(Unknown Source)
... Removed 15 stack frames]]>
    </failure>
  </testcase> <!-- @BeforeTest initilization -->
  <testcase name="@BeforeTest initilization" time="0.007" classname="E2EProject.Maven.validateNavigationBar">
    <failure type="java.lang.NullPointerException">
      <![CDATA[java.lang.NullPointerException
at resources.base.initizationDriver(base.java:35)
at E2EProject.Maven.validateNavigationBar.initilization(validateNavigationBar.java:29)
at java.util.concurrent.FutureTask.run(Unknown Source)
at java.util.concurrent.ThreadPoolExecutor.runWorker(Unknown Source)
at java.util.concurrent.ThreadPoolExecutor$Worker.run(Unknown Source)
at java.lang.Thread.run(Unknown Source)
... Removed 15 stack frames]]>
    </failure>
  </testcase> <!-- @BeforeTest initilization -->
  <testcase name="@AfterTest teardown" time="-1.598375794062E9" classname="E2EProject.Maven.validateTitle">
    <skipped/>
  </testcase> <!-- @AfterTest teardown -->
  <testcase name="@AfterTest teardown" time="-1.598375794061E9" classname="E2EProject.Maven.validateNavigationBar">
    <skipped/>
  </testcase> <!-- @AfterTest teardown -->
  <testcase name="validateAppTitle" time="0.0" classname="E2EProject.Maven.validateTitle">
    <skipped/>
  </testcase> <!-- validateAppTitle -->
</testsuite> <!-- Validating Title -->
