<?xml version="1.0" encoding="UTF-8"?>
<!-- Generated by org.testng.reporters.JUnitXMLReporter -->
<testsuite ignored="0" hostname="DESKTOP-EBKPB7F" failures="0" tests="4" name="Test" time="29.794" errors="0" timestamp="2020-08-17T21:23:50 CDT">
  <testcase classname="E2EProject.Maven.validateTitle" name="basePageNavigation" time="1.114"/>
  <testcase classname="E2EProject.Maven.HomePage" name="basePageNavigation" time="1.932"/>
  <testcase classname="E2EProject.Maven.HomePage" name="basePageNavigation" time="1.394"/>
  <testcase classname="E2EProject.Maven.validateNavigationBar" name="basePageNavigation" time="0.045"/>
</testsuite> <!-- Test -->
