<?xml version="1.0" encoding="UTF-8"?>
<!-- Generated by org.testng.reporters.JUnitXMLReporter -->
<testsuite hostname="DESKTOP-EBKPB7F" ignored="0" name="Validating Title" tests="4" failures="0" timestamp="2020-08-25T10:35:04 CDT" time="13.745" errors="0">
  <testcase name="ValidateNavgation" time="0.069" classname="E2EProject.Maven.validateNavigationBar"/>
  <testcase name="validateAppTitle" time="1.017" classname="E2EProject.Maven.validateTitle"/>
  <testcase name="basePageNavigation" time="4.602" classname="E2EProject.Maven.HomePage"/>
  <testcase name="basePageNavigation" time="2.479" classname="E2EProject.Maven.HomePage"/>
</testsuite> <!-- Validating Title -->
